TN:
SF:src/compareFiles.js
FN:3,compareFiles
FNF:1
FNH:1
FNDA:1,compareFiles
DA:1,1
DA:2,1
DA:3,1
DA:4,1
DA:5,1
DA:6,1
DA:7,1
DA:8,1
DA:9,5
DA:10,2
DA:11,1
DA:12,1
DA:13,1
DA:14,1
DA:15,5
DA:16,2
DA:17,2
DA:18,1
DA:19,1
DA:20,1
DA:21,1
DA:22,1
DA:23,1
DA:24,1
LF:24
LH:24
BRDA:3,0,0,1
BRDA:8,1,0,5
BRDA:9,2,0,4
BRDA:9,3,0,2
BRDA:10,4,0,1
BRDA:14,5,0,3
BRDA:15,6,0,2
BRDA:17,7,0,1
BRF:8
BRH:8
end_of_record
TN:
SF:src/index.js
FN:4,genDiff
FNF:1
FNH:1
FNDA:1,genDiff
DA:1,1
DA:2,1
DA:3,1
DA:4,1
DA:5,1
DA:6,1
DA:7,1
DA:8,1
DA:9,1
DA:10,1
DA:11,1
DA:12,1
LF:12
LH:12
BRDA:4,0,0,1
BRF:1
BRH:1
end_of_record
TN:
SF:src/parse.js
FN:4,default
FNF:1
FNH:1
FNDA:2,default
DA:1,1
DA:2,1
DA:3,1
DA:4,1
DA:5,2
DA:6,2
DA:7,2
DA:8,2
LF:8
LH:8
BRDA:4,0,0,2
BRF:1
BRH:1
end_of_record
